<?xml version="1.0" encoding="UTF-8"?>
<!-- Generated by org.testng.reporters.JUnitReportReporter -->
<testsuite hostname="DESKTOP-3S72086" failures="0" tests="2" name="runner.RedbusTestRunner" time="30.132" errors="0" timestamp="2025-07-22T00:45:08 IST" skipped="0">
  <testcase classname="runner.RedbusTestRunner" name="runScenario" time="15.072"/>
  <testcase classname="runner.RedbusTestRunner" name="runScenario" time="15.060"/>
</testsuite> <!-- runner.RedbusTestRunner -->
